SF:src\pptxlib\__init__.py
DA:3,1
DA:5,1
LF:2
LH:2
end_of_record
SF:src\pptxlib\core\__init__.py
end_of_record
SF:src\pptxlib\core\app.py
DA:1,1
DA:3,1
DA:4,1
DA:5,1
DA:7,1
DA:8,1
DA:10,1
DA:11,1
DA:12,1
DA:18,1
DA:19,1
DA:20,1
DA:22,1
DA:23,1
DA:24,1
DA:25,1
DA:27,1
DA:28,1
DA:29,1
DA:31,1
DA:32,1
DA:34,1
DA:35,1
DA:37,1
DA:38,1
DA:41,1
DA:42,1
DA:43,1
DA:44,1
DA:45,1
DA:49,1
LF:31
LH:31
FN:22,25,App.__post_init__
FNDA:1,App.__post_init__
FN:28,29,App.presentations
FNDA:1,App.presentations
FN:31,32,App.quit
FNDA:1,App.quit
FN:34,35,App.__enter__
FNDA:1,App.__enter__
FN:37,38,App.__exit__
FNDA:1,App.__exit__
FN:42,49,is_app_available
FNDA:1,is_app_available
FNF:6
FNH:6
end_of_record
SF:src\pptxlib\core\base.py
DA:1,1
DA:3,1
DA:4,1
DA:12,1
DA:13,1
DA:14,1
DA:16,1
DA:17,1
DA:20,1
DA:21,1
DA:22,1
DA:23,1
DA:24,1
DA:26,1
DA:27,1
DA:29,1
DA:30,1
DA:32,1
DA:33,1
DA:34,1
DA:36,1
DA:37,1
DA:38,1
DA:40,1
DA:41,1
DA:43,1
DA:44,1
DA:47,1
DA:50,1
DA:51,1
DA:52,1
DA:53,1
DA:54,1
DA:56,1
DA:57,1
DA:59,1
DA:60,1
DA:62,1
DA:63,1
DA:65,1
DA:66,1
DA:67,1
DA:69,1
DA:71,1
DA:72,1
LF:45
LH:45
FN:16,17,Base.__repr__
FNDA:1,Base.__repr__
FN:26,27,Element.__post_init__
FNDA:1,Element.__post_init__
FN:29,30,Element.__repr__
FNDA:1,Element.__repr__
FN:33,34,Element.name
FNDA:1,Element.name
FN:37,38,Element.name
FNDA:1,Element.name
FN:40,41,Element.select
FNDA:1,Element.select
FN:43,44,Element.delete
FNDA:1,Element.delete
FN:56,57,Collection.__post_init__
FNDA:1,Collection.__post_init__
FN:59,60,Collection.__repr__
FNDA:1,Collection.__repr__
FN:62,63,Collection.__len__
FNDA:1,Collection.__len__
FN:65,69,Collection.__getitem__
FNDA:1,Collection.__getitem__
FN:71,72,Collection.__iter__
FNDA:1,Collection.__iter__
FNF:12
FNH:12
end_of_record
SF:src\pptxlib\core\client.py
DA:1,1
DA:3,1
DA:4,1
DA:6,1
DA:14,1
DA:15,1
DA:17,1
DA:18,1
DA:19,1
DA:22,1
DA:23,1
DA:24,1
DA:25,1
DA:28,1
DA:29,1
DA:30,1
LF:16
LH:16
FN:14,19,iter_typelib_specs
FNDA:1,iter_typelib_specs
FN:22,25,ensure_module
FNDA:1,ensure_module
FN:28,30,ensure_modules
FNDA:1,ensure_modules
FNF:3
FNH:3
end_of_record
SF:src\pptxlib\core\color.py
DA:1,1
DA:4,1
DA:30,1
DA:31,1
DA:33,1
DA:34,1
DA:36,1
DA:37,1
DA:39,1
DA:40,1
DA:42,1
DA:44,1
DA:45,1
DA:47,1
DA:50,1
LF:15
LH:15
FN:4,47,rgb
FNDA:1,rgb
FNF:1
FNH:1
end_of_record
SF:src\pptxlib\core\font.py
DA:1,1
DA:3,1
DA:4,1
DA:6,1
DA:8,1
DA:9,1
DA:12,1
DA:13,1
DA:14,1
DA:15,1
DA:16,1
DA:18,1
DA:19,1
DA:20,1
DA:22,1
DA:23,1
DA:24,1
DA:26,1
DA:27,1
DA:28,1
DA:30,1
DA:31,1
DA:32,1
DA:34,1
DA:35,1
DA:36,1
DA:38,1
DA:39,1
DA:40,1
DA:42,1
DA:43,1
DA:44,1
DA:46,1
DA:47,1
DA:48,1
DA:50,1
DA:51,1
DA:52,1
DA:54,1
DA:55,1
DA:56,1
DA:58,1
DA:66,1
DA:67,1
DA:68,1
DA:69,1
DA:70,1
DA:71,1
DA:72,1
DA:73,1
DA:74,1
DA:75,1
DA:77,1
DA:79,1
DA:80,1
DA:81,1
DA:82,1
DA:83,1
DA:84,1
DA:85,1
LF:60
LH:60
FN:14,16,Font.__repr__
FNDA:1,Font.__repr__
FN:19,20,Font.name
FNDA:1,Font.name
FN:23,24,Font.name
FNDA:1,Font.name
FN:27,28,Font.size
FNDA:1,Font.size
FN:31,32,Font.size
FNDA:1,Font.size
FN:35,36,Font.bold
FNDA:1,Font.bold
FN:39,40,Font.bold
FNDA:1,Font.bold
FN:43,44,Font.italic
FNDA:1,Font.italic
FN:47,48,Font.italic
FNDA:1,Font.italic
FN:51,52,Font.color
FNDA:1,Font.color
FN:55,56,Font.color
FNDA:1,Font.color
FN:58,77,Font.set
FNDA:1,Font.set
FN:79,85,Font.update
FNDA:1,Font.update
FNF:13
FNH:13
end_of_record
SF:src\pptxlib\core\presentation.py
DA:1,1
DA:3,1
DA:4,1
DA:6,1
DA:7,1
DA:13,1
DA:14,1
DA:15,1
DA:16,1
DA:18,1
DA:19,1
DA:21,1
DA:22,1
DA:24,1
DA:25,1
DA:26,1
DA:28,1
DA:29,1
DA:30,1
DA:32,1
DA:33,1
DA:34,1
DA:37,1
DA:38,1
DA:39,1
DA:40,1
DA:42,1
DA:43,1
DA:44,1
DA:46,1
DA:47,1
DA:48,1
DA:50,1
DA:51,1
DA:52,1
DA:53,1
LF:36
LH:36
FN:18,19,Presentation.close
FNDA:1,Presentation.close
FN:21,22,Presentation.delete
FNDA:1,Presentation.delete
FN:25,26,Presentation.slides
FNDA:1,Presentation.slides
FN:29,30,Presentation.width
FNDA:1,Presentation.width
FN:33,34,Presentation.height
FNDA:1,Presentation.height
FN:42,44,Presentations.add
FNDA:1,Presentations.add
FN:46,48,Presentations.close
FNDA:1,Presentations.close
FN:51,53,Presentations.active
FNDA:1,Presentations.active
FNF:8
FNH:8
end_of_record
SF:src\pptxlib\core\shape.py
DA:1,1
DA:3,1
DA:4,1
DA:5,1
DA:6,1
DA:8,1
DA:10,1
DA:11,1
DA:12,1
DA:25,1
DA:26,1
DA:27,1
DA:28,1
DA:29,1
DA:31,1
DA:32,1
DA:33,1
DA:35,1
DA:36,1
DA:37,1
DA:39,1
DA:40,1
DA:41,1
DA:43,1
DA:48,1
DA:49,1
DA:50,1
DA:51,1
DA:53,1
DA:55,1
DA:56,1
DA:57,1
DA:60,1
DA:61,1
DA:62,1
DA:65,1
DA:66,1
DA:67,1
DA:68,1
DA:69,1
DA:71,1
DA:72,1
DA:73,1
DA:75,1
DA:81,1
DA:82,1
DA:83,1
DA:84,1
DA:85,1
DA:86,1
DA:88,1
DA:90,1
DA:91,1
DA:92,1
DA:93,1
DA:95,1
DA:96,1
DA:97,1
DA:99,1
DA:100,1
DA:101,1
DA:102,1
DA:103,1
DA:105,1
DA:106,1
DA:107,1
DA:109,1
DA:110,1
DA:111,1
DA:113,1
DA:114,1
DA:115,1
DA:116,1
DA:117,1
DA:119,1
DA:120,1
DA:121,1
DA:123,1
DA:124,1
DA:125,1
DA:126,1
DA:127,1
DA:129,1
DA:130,1
DA:131,1
DA:133,1
DA:134,1
DA:135,1
DA:136,1
DA:137,1
DA:139,1
DA:140,1
DA:141,1
DA:143,1
DA:144,1
DA:145,1
DA:146,1
DA:147,1
DA:149,1
DA:150,1
DA:151,1
DA:153,1
DA:154,1
DA:155,1
DA:156,1
DA:157,1
DA:159,1
DA:160,1
DA:161,1
DA:163,1
DA:164,1
DA:165,1
DA:166,1
DA:167,1
DA:169,1
DA:175,1
DA:176,1
DA:177,1
DA:178,1
DA:179,1
DA:180,1
DA:181,1
DA:183,1
DA:189,1
DA:190,1
DA:191,1
DA:192,1
DA:193,1
DA:194,1
DA:195,1
DA:198,1
DA:199,1
DA:200,1
DA:201,1
DA:203,1
DA:204,1
DA:205,1
DA:207,1
DA:208,1
DA:209,1
DA:211,1
DA:212,1
DA:213,1
DA:215,1
DA:216,1
DA:217,1
DA:219,1
DA:220,1
DA:221,1
DA:223,1
DA:224,1
DA:225,1
DA:226,1
DA:228,1
DA:229,1
DA:231,1
DA:232,1
DA:233,1
DA:235,1
DA:236,1
DA:237,1
DA:238,1
DA:240,1
DA:241,1
DA:243,1
DA:244,1
DA:245,1
DA:247,1
DA:248,1
DA:249,1
DA:251,1
DA:252,1
DA:253,1
DA:255,1
DA:256,1
DA:257,1
DA:259,1
DA:260,1
DA:261,1
DA:263,1
DA:264,1
DA:265,1
DA:267,1
DA:268,1
DA:269,1
DA:271,1
DA:272,1
DA:273,1
DA:275,1
DA:276,1
DA:278,1
DA:279,1
DA:280,1
DA:283,1
DA:284,1
DA:285,1
DA:286,1
DA:288,1
DA:289,1
DA:290,1
DA:292,1
DA:301,1
DA:302,1
DA:304,1
DA:305,1
DA:306,1
DA:308,1
DA:310,1
DA:317,1
DA:318,1
DA:320,1
DA:330,1
DA:331,1
DA:333,1
DA:334,1
DA:336,1
DA:337,1
DA:338,1
DA:340,1
DA:349,1
DA:351,1
DA:352,1
DA:354,1
DA:363,1
DA:365,1
DA:375,1
DA:376,1
DA:377,1
DA:379,1
DA:381,1
DA:390,1
DA:391,1
DA:392,1
DA:393,1
DA:395,1
DA:396,1
DA:398,1
DA:409,1
DA:410,1
DA:411,1
DA:417,1
DA:419,1
DA:420,1
DA:422,1
DA:428,1
DA:429,1
DA:430,1
DA:432,1
DA:433,1
DA:434,1
DA:437,1
DA:438,1
DA:439,1
DA:441,1
DA:443,1
DA:444,1
DA:446,1
DA:447,1
DA:449,1
DA:450,1
DA:451,1
DA:453,1
DA:455,1
DA:462,1
DA:464,1
DA:465,1
DA:466,1
DA:467,1
DA:468,1
DA:469,1
DA:470,1
DA:471,1
DA:473,1
DA:475,1
DA:499,1
DA:500,1
DA:502,1
DA:504,1
DA:505,1
DA:506,1
DA:507,1
DA:508,1
DA:509,1
DA:510,1
DA:511,1
DA:513,1
LF:286
LH:286
FN:28,29,Color.color
FNDA:1,Color.color
FN:32,33,Color.color
FNDA:1,Color.color
FN:36,37,Color.alpha
FNDA:1,Color.alpha
FN:40,41,Color.alpha
FNDA:1,Color.alpha
FN:43,53,Color.set
FNDA:1,Color.set
FN:55,57,Color.update
FNDA:1,Color.update
FN:68,69,Line.weight
FNDA:1,Line.weight
FN:72,73,Line.weight
FNDA:1,Line.weight
FN:75,88,Line.set
FNDA:1,Line.set
FN:90,93,Line.update
FNDA:1,Line.update
FN:96,97,Line.dash_style
FNDA:1,Line.dash_style
FN:100,103,Line.dash_style
FNDA:1,Line.dash_style
FN:105,107,Line.dash
FNDA:1,Line.dash
FN:110,111,Line.begin_arrowhead_style
FNDA:1,Line.begin_arrowhead_style
FN:114,117,Line.begin_arrowhead_style
FNDA:1,Line.begin_arrowhead_style
FN:120,121,Line.end_arrowhead_style
FNDA:1,Line.end_arrowhead_style
FN:124,127,Line.end_arrowhead_style
FNDA:1,Line.end_arrowhead_style
FN:130,131,Line.begin_arrowhead_length
FNDA:1,Line.begin_arrowhead_length
FN:134,137,Line.begin_arrowhead_length
FNDA:1,Line.begin_arrowhead_length
FN:140,141,Line.end_arrowhead_length
FNDA:1,Line.end_arrowhead_length
FN:144,147,Line.end_arrowhead_length
FNDA:1,Line.end_arrowhead_length
FN:150,151,Line.begin_arrowhead_width
FNDA:1,Line.begin_arrowhead_width
FN:154,157,Line.begin_arrowhead_width
FNDA:1,Line.begin_arrowhead_width
FN:160,161,Line.end_arrowhead_width
FNDA:1,Line.end_arrowhead_width
FN:164,167,Line.end_arrowhead_width
FNDA:1,Line.end_arrowhead_width
FN:169,181,Line.begin_arrow
FNDA:1,Line.begin_arrow
FN:183,195,Line.end_arrow
FNDA:1,Line.end_arrow
FN:204,205,Shape.left
FNDA:1,Shape.left
FN:208,209,Shape.top
FNDA:1,Shape.top
FN:212,213,Shape.width
FNDA:1,Shape.width
FN:216,217,Shape.height
FNDA:1,Shape.height
FN:220,229,Shape.left
FNDA:1,Shape.left
FN:232,241,Shape.top
FNDA:1,Shape.top
FN:244,245,Shape.width
FNDA:1,Shape.width
FN:248,249,Shape.height
FNDA:1,Shape.height
FN:252,253,Shape.text_range
FNDA:1,Shape.text_range
FN:256,257,Shape.text
FNDA:1,Shape.text
FN:260,261,Shape.text
FNDA:1,Shape.text
FN:264,265,Shape.font
FNDA:1,Shape.font
FN:268,269,Shape.fill
FNDA:1,Shape.fill
FN:272,273,Shape.line
FNDA:1,Shape.line
FN:275,276,Shape.copy
FNDA:1,Shape.copy
FN:278,280,Shape.connect
FNDA:1,Shape.connect
FN:289,290,Shapes.title
FNDA:1,Shapes.title
FN:292,308,Shapes.add
FNDA:1,Shapes.add
FN:310,318,Shapes.add_line
FNDA:1,Shapes.add_line
FN:320,338,Shapes.add_label
FNDA:1,Shapes.add_label
FN:340,352,Shapes.add_table
FNDA:1,Shapes.add_table
FN:354,379,Shapes.add_picture
FNDA:1,Shapes.add_picture
FN:381,396,Shapes.add_image
FNDA:1,Shapes.add_image
FN:398,420,Shapes.add_figure
FNDA:1,Shapes.add_figure
FN:422,453,Shapes.add_connector
FNDA:1,Shapes.add_connector
FN:455,473,Shapes.paste
FNDA:1,Shapes.paste
FN:475,513,Shapes.paste_special
FNDA:1,Shapes.paste_special
FNF:54
FNH:54
end_of_record
SF:src\pptxlib\core\slide.py
DA:1,1
DA:3,1
DA:4,1
DA:6,1
DA:8,1
DA:9,1
DA:15,1
DA:16,1
DA:17,1
DA:18,1
DA:20,1
DA:21,1
DA:22,1
DA:28,1
DA:29,1
DA:30,1
DA:32,1
DA:33,1
DA:34,1
DA:35,1
DA:37,1
DA:38,1
DA:39,1
DA:41,1
DA:42,1
DA:43,1
DA:46,1
DA:47,1
DA:48,1
DA:49,1
DA:51,1
DA:52,1
DA:53,1
DA:55,1
DA:56,1
DA:57,1
DA:58,1
DA:59,1
DA:60,1
DA:62,1
DA:63,1
DA:65,1
DA:66,1
DA:68,1
DA:70,1
DA:72,1
DA:73,1
DA:74,1
DA:75,1
LF:49
LH:49
FN:21,22,Slide.shapes
FNDA:1,Slide.shapes
FN:29,30,Slide.title
FNDA:1,Slide.title
FN:33,35,Slide.title
FNDA:1,Slide.title
FN:38,39,Slide.width
FNDA:1,Slide.width
FN:42,43,Slide.height
FNDA:1,Slide.height
FN:51,70,Slides.add
FNDA:1,Slides.add
FN:73,75,Slides.active
FNDA:1,Slides.active
FNF:7
FNH:7
end_of_record
SF:src\pptxlib\core\table.py
DA:1,1
DA:3,1
DA:4,1
DA:6,1
DA:8,1
DA:9,1
DA:16,1
DA:17,1
DA:18,1
DA:19,1
DA:20,1
DA:22,1
DA:23,1
DA:24,1
DA:26,1
DA:27,1
DA:28,1
DA:30,1
DA:31,1
DA:32,1
DA:33,1
DA:35,1
DA:37,1
DA:38,1
DA:40,1
DA:41,1
DA:43,1
DA:44,1
DA:46,1
DA:47,1
DA:49,1
DA:50,1
DA:52,1
DA:56,1
DA:57,1
DA:59,1
DA:60,1
DA:61,1
DA:63,1
DA:64,1
DA:66,1
DA:67,1
DA:71,1
DA:72,1
DA:73,1
DA:75,1
DA:80,1
DA:81,1
DA:83,1
DA:85,1
DA:86,1
DA:87,1
DA:90,1
DA:91,1
DA:92,1
DA:93,1
DA:95,1
DA:96,1
DA:98,1
DA:99,1
DA:100,1
DA:102,1
DA:103,1
DA:104,1
DA:106,1
DA:107,1
DA:109,1
DA:110,1
DA:112,1
DA:113,1
DA:114,1
DA:116,1
DA:121,1
DA:122,1
DA:124,1
DA:127,1
DA:128,1
DA:129,1
DA:130,1
DA:132,1
DA:133,1
DA:134,1
DA:136,1
DA:137,1
DA:138,1
DA:141,1
DA:142,1
DA:143,1
DA:144,1
DA:146,1
DA:147,1
DA:148,1
DA:150,1
DA:151,1
DA:152,1
DA:155,1
DA:156,1
DA:157,1
DA:158,1
DA:160,1
DA:161,1
DA:162,1
DA:164,1
DA:165,1
DA:166,1
DA:167,1
DA:169,1
DA:170,1
DA:171,1
DA:174,1
DA:175,1
DA:176,1
DA:177,1
DA:179,1
DA:180,1
DA:181,1
DA:183,1
DA:184,1
DA:185,1
DA:186,1
DA:188,1
DA:189,1
DA:190,1
DA:193,1
DA:194,1
DA:195,1
DA:196,1
DA:198,1
DA:199,1
DA:201,1
DA:202,1
DA:203,1
DA:205,1
DA:206,1
DA:207,1
DA:209,1
DA:210,1
DA:211,1
DA:213,1
DA:214,1
DA:215,1
DA:218,1
DA:219,1
DA:220,1
DA:221,1
DA:223,1
DA:224,1
DA:225,1
DA:228,1
DA:229,1
DA:230,1
DA:231,1
DA:233,1
DA:234,1
DA:237,1
DA:238,1
DA:239,1
DA:241,1
DA:247,1
DA:248,1
DA:250,1
DA:253,1
DA:254,1
DA:255,1
DA:256,1
DA:258,1
DA:262,1
DA:263,1
DA:265,1
DA:266,1
DA:269,1
DA:270,1
DA:271,1
DA:273,1
DA:277,1
LF:175
LH:175
FN:19,20,Table.rows
FNDA:1,Table.rows
FN:23,24,Table.columns
FNDA:1,Table.columns
FN:27,28,Table.shape
FNDA:1,Table.shape
FN:30,35,Table.cell
FNDA:1,Table.cell
FN:37,38,Table.__len__
FNDA:1,Table.__len__
FN:41,41,Table.__getitem__
FNDA:1,Table.__getitem__
FN:44,44,Table.__getitem__
FNDA:1,Table.__getitem__
FN:47,47,Table.__getitem__
FNDA:1,Table.__getitem__
FN:50,50,Table.__getitem__
FNDA:1,Table.__getitem__
FN:52,69,Table.__getitem__
FNDA:1,Table.__getitem__
FN:71,73,Table.__iter__
FNDA:1,Table.__iter__
FN:75,83,Table.fill
FNDA:1,Table.fill
FN:85,87,Table.minimize_height
FNDA:1,Table.minimize_height
FN:95,96,Axis.__repr__
FNDA:1,Axis.__repr__
FN:99,100,Axis.cells
FNDA:1,Axis.cells
FN:103,104,Axis.borders
FNDA:1,Axis.borders
FN:106,107,Axis.__len__
FNDA:1,Axis.__len__
FN:109,110,Axis.__getitem__
FNDA:1,Axis.__getitem__
FN:112,114,Axis.__iter__
FNDA:1,Axis.__iter__
FN:116,124,Axis.fill
FNDA:1,Axis.fill
FN:133,134,Row.height
FNDA:1,Row.height
FN:137,138,Row.height
FNDA:1,Row.height
FN:147,148,Column.width
FNDA:1,Column.width
FN:151,152,Column.width
FNDA:1,Column.width
FN:161,162,Rows.height
FNDA:1,Rows.height
FN:165,167,Rows.height
FNDA:1,Rows.height
FN:170,171,Rows.borders
FNDA:1,Rows.borders
FN:180,181,Columns.width
FNDA:1,Columns.width
FN:184,186,Columns.width
FNDA:1,Columns.width
FN:189,190,Columns.borders
FNDA:1,Columns.borders
FN:198,199,Cell.__repr__
FNDA:1,Cell.__repr__
FN:202,203,Cell.shape
FNDA:1,Cell.shape
FN:206,207,Cell.text
FNDA:1,Cell.text
FN:210,211,Cell.text
FNDA:1,Cell.text
FN:214,215,Cell.borders
FNDA:1,Cell.borders
FN:224,225,CellRange.borders
FNDA:1,CellRange.borders
FN:233,234,LineFormat.__repr__
FNDA:1,LineFormat.__repr__
FN:241,250,LineFormatCollection.set
FNDA:1,LineFormatCollection.set
FN:258,266,Borders.__getitem__
FNDA:1,Borders.__getitem__
FN:273,277,BordersCollection.__getitem__
FNDA:1,BordersCollection.__getitem__
FNF:40
FNH:40
end_of_record
SF:src\pptxlib\gantt.py
end_of_record
